*
* Visual Studio Code Server
*
* By using the software, you agree to
* the Visual Studio Code Server License Terms (https://aka.ms/vscode-server-license) and
* the Microsoft Privacy Statement (https://privacy.microsoft.com/en-US/privacystatement).
*
Server bound to 127.0.0.1:35849 (IPv4)
Extension host agent listening on 35849

[00:35:29] Extension host agent started.
[00:35:29] [127.0.0.1][5c1fe7b2][ManagementConnection] New connection established.
[00:35:29] [127.0.0.1][a446ad09][ExtensionHostConnection] New connection established.
Overwriting extension /home/ubuntu/.vscode-server/bin/8dfae7a5cd50421d10cd99cb873990460525a898/extensions/ms-vscode.js-debug-companion with /home/ubuntu/.vscode-server/extensions/ms-vscode.js-debug-companion-1.0.17.
Overwriting extension /home/ubuntu/.vscode-server/bin/8dfae7a5cd50421d10cd99cb873990460525a898/extensions/ms-vscode.references-view with /home/ubuntu/.vscode-server/extensions/ms-vscode.references-view-0.0.89.
[00:35:31] [127.0.0.1][a446ad09][ExtensionHostConnection] <25298> Launched Extension Host Process.
[IPC Library: Pty Host]  WARN Shell integration cannot be enabled for executable "/bin/sh" and args [
  '-c',
  'wget --version > /dev/null\n' +
    'if [ $? -eq 0 ]\n' +
    'then\n' +
    "\twget --connect-timeout=7 --tries=1 --dns-timeout=7 -q --header='Metadata:true' -O - http://169.254.169.254/metadata/instance?api-version=2019-03-11\n" +
    'else\n' +
    '\tcurl --version > /dev/null\n' +
    '\tif [ $? -eq 0 ]\n' +
    '\tthen\n' +
    "\t\tcurl --connect-timeout 7 -s --header='Metadata:true' http://169.254.169.254/metadata/instance?api-version=2019-03-11\n" +
    '\tfi\n' +
    'fi\n' +
    'exit 0'
]
[IPC Library: Pty Host]  WARN Shell integration cannot be enabled for executable "/bin/sh" and args [
  '-c',
  'wget --version > /dev/null\n' +
    'if [ $? -eq 0 ]\n' +
    'then\n' +
    '\twget --connect-timeout=7 --tries=1 --dns-timeout=7 -q  -O - http://169.254.169.254/latest/meta-data/instance-id\n' +
    'else\n' +
    '\tcurl --version > /dev/null\n' +
    '\tif [ $? -eq 0 ]\n' +
    '\tthen\n' +
    '\t\tcurl --connect-timeout 7 -s  http://169.254.169.254/latest/meta-data/instance-id\n' +
    '\tfi\n' +
    'fi\n' +
    'exit 0'
]
[IPC Library: Pty Host]  WARN Shell integration cannot be enabled for executable "/bin/sh" and args [
  '-c',
  'wget --version > /dev/null\n' +
    'if [ $? -eq 0 ]\n' +
    'then\n' +
    '\twget --connect-timeout=7 --tries=1 --dns-timeout=7 -q  -O - http://169.254.169.254/metadata/v1/id\n' +
    'else\n' +
    '\tcurl --version > /dev/null\n' +
    '\tif [ $? -eq 0 ]\n' +
    '\tthen\n' +
    '\t\tcurl --connect-timeout 7 -s  http://169.254.169.254/metadata/v1/id\n' +
    '\tfi\n' +
    'fi\n' +
    'exit 0'
]
[IPC Library: Pty Host]  WARN Shell integration cannot be enabled for executable "/bin/sh" and args [
  '-c',
  'wget --version > /dev/null\n' +
    'if [ $? -eq 0 ]\n' +
    'then\n' +
    "\twget --connect-timeout=7 --tries=1 --dns-timeout=7 -q --header='Metadata-Flavor:Google' -O - http://metadata.google.internal/computeMetadata/v1/instance/id\n" +
    'else\n' +
    '\tcurl --version > /dev/null\n' +
    '\tif [ $? -eq 0 ]\n' +
    '\tthen\n' +
    "\t\tcurl --connect-timeout 7 -s --header='Metadata-Flavor:Google' http://metadata.google.internal/computeMetadata/v1/instance/id\n" +
    '\tfi\n' +
    'fi\n' +
    'exit 0'
]
[00:36:59] [127.0.0.1][5c1fe7b2][ManagementConnection] The client has disconnected gracefully, so the connection will be disposed.
[00:36:59] [127.0.0.1][a446ad09][ExtensionHostConnection] <25298> Extension Host Process exited with code: 0, signal: null.
Last EH closed, waiting before shutting down
[00:36:59] Last EH closed, waiting before shutting down
Got delay-shutdown request while in shutdown timeout, delaying
[00:37:02] Got delay-shutdown request while in shutdown timeout, delaying
Cancelling previous shutdown timeout
[00:37:02] Cancelling previous shutdown timeout
[00:37:03] [127.0.0.1][3668d2ec][ManagementConnection] New connection established.
[00:37:03] [127.0.0.1][09e5262d][ExtensionHostConnection] New connection established.
[00:37:03] [127.0.0.1][09e5262d][ExtensionHostConnection] <25456> Launched Extension Host Process.
Overwriting extension /home/ubuntu/.vscode-server/bin/8dfae7a5cd50421d10cd99cb873990460525a898/extensions/ms-vscode.js-debug-companion with /home/ubuntu/.vscode-server/extensions/ms-vscode.js-debug-companion-1.0.17.
Overwriting extension /home/ubuntu/.vscode-server/bin/8dfae7a5cd50421d10cd99cb873990460525a898/extensions/ms-vscode.references-view with /home/ubuntu/.vscode-server/extensions/ms-vscode.references-view-0.0.89.
[IPC Library: Pty Host]  WARN Shell integration cannot be enabled for executable "/bin/sh" and args [
  '-c',
  'wget --version > /dev/null\n' +
    'if [ $? -eq 0 ]\n' +
    'then\n' +
    "\twget --connect-timeout=7 --tries=1 --dns-timeout=7 -q --header='Metadata:true' -O - http://169.254.169.254/metadata/instance?api-version=2019-03-11\n" +
    'else\n' +
    '\tcurl --version > /dev/null\n' +
    '\tif [ $? -eq 0 ]\n' +
    '\tthen\n' +
    "\t\tcurl --connect-timeout 7 -s --header='Metadata:true' http://169.254.169.254/metadata/instance?api-version=2019-03-11\n" +
    '\tfi\n' +
    'fi\n' +
    'exit 0'
]
[IPC Library: Pty Host]  WARN Shell integration cannot be enabled for executable "/bin/sh" and args [
  '-c',
  'wget --version > /dev/null\n' +
    'if [ $? -eq 0 ]\n' +
    'then\n' +
    '\twget --connect-timeout=7 --tries=1 --dns-timeout=7 -q  -O - http://169.254.169.254/latest/meta-data/instance-id\n' +
    'else\n' +
    '\tcurl --version > /dev/null\n' +
    '\tif [ $? -eq 0 ]\n' +
    '\tthen\n' +
    '\t\tcurl --connect-timeout 7 -s  http://169.254.169.254/latest/meta-data/instance-id\n' +
    '\tfi\n' +
    'fi\n' +
    'exit 0'
]
[IPC Library: Pty Host]  WARN Shell integration cannot be enabled for executable "/bin/sh" and args [
  '-c',
  'wget --version > /dev/null\n' +
    'if [ $? -eq 0 ]\n' +
    'then\n' +
    '\twget --connect-timeout=7 --tries=1 --dns-timeout=7 -q  -O - http://169.254.169.254/metadata/v1/id\n' +
    'else\n' +
    '\tcurl --version > /dev/null\n' +
    '\tif [ $? -eq 0 ]\n' +
    '\tthen\n' +
    '\t\tcurl --connect-timeout 7 -s  http://169.254.169.254/metadata/v1/id\n' +
    '\tfi\n' +
    'fi\n' +
    'exit 0'
]
[IPC Library: Pty Host]  WARN Shell integration cannot be enabled for executable "/bin/sh" and args [
  '-c',
  'wget --version > /dev/null\n' +
    'if [ $? -eq 0 ]\n' +
    'then\n' +
    "\twget --connect-timeout=7 --tries=1 --dns-timeout=7 -q --header='Metadata-Flavor:Google' -O - http://metadata.google.internal/computeMetadata/v1/instance/id\n" +
    'else\n' +
    '\tcurl --version > /dev/null\n' +
    '\tif [ $? -eq 0 ]\n' +
    '\tthen\n' +
    "\t\tcurl --connect-timeout 7 -s --header='Metadata-Flavor:Google' http://metadata.google.internal/computeMetadata/v1/instance/id\n" +
    '\tfi\n' +
    'fi\n' +
    'exit 0'
]
[IPC Library: Pty Host]  WARN Shell integration cannot be enabled for executable "/usr/bin/bash" and args undefined
New EH opened, aborting shutdown
[00:42:02] New EH opened, aborting shutdown
[00:46:44] No ptyHost heartbeat after 6 seconds
[01:04:30] No ptyHost heartbeat after 6 seconds
[01:04:32] [127.0.0.1][3668d2ec][ManagementConnection] The client has disconnected, will wait for reconnection 3h before disposing...
Error: Unexpected SIGPIPE
    at process.<anonymous> (/home/ubuntu/.vscode-server/bin/8dfae7a5cd50421d10cd99cb873990460525a898/out/bootstrap.js:1:370)
    at process.emit (node:events:390:28)
[01:04:35] [127.0.0.1][3668d2ec][ManagementConnection] The client has disconnected gracefully, so the connection will be disposed.
rejected promise not handled within 1 second: Error: Could not find pty on pty host
stack trace: Error: Could not find pty on pty host,    at C._throwIfNoPty (/home/ubuntu/.vscode-server/bin/8dfae7a5cd50421d10cd99cb873990460525a898/out/vs/platform/terminal/node/ptyHostMain.js:20:5336),    at C.updateIcon (/home/ubuntu/.vscode-server/bin/8dfae7a5cd50421d10cd99cb873990460525a898/out/vs/platform/terminal/node/ptyHostMain.js:20:1736),    at Object.call (/home/ubuntu/.vscode-server/bin/8dfae7a5cd50421d10cd99cb873990460525a898/out/vs/platform/terminal/node/ptyHostMain.js:13:8332),    at E.onPromise (/home/ubuntu/.vscode-server/bin/8dfae7a5cd50421d10cd99cb873990460525a898/out/vs/platform/terminal/node/ptyHostMain.js:12:4867),    at E.onRawMessage (/home/ubuntu/.vscode-server/bin/8dfae7a5cd50421d10cd99cb873990460525a898/out/vs/platform/terminal/node/ptyHostMain.js:12:4262),    at /home/ubuntu/.vscode-server/bin/8dfae7a5cd50421d10cd99cb873990460525a898/out/vs/platform/terminal/node/ptyHostMain.js:12:3554,    at L.invoke (/home/ubuntu/.vscode-server/bin/8dfae7a5cd50421d10cd99cb873990460525a898/out/vs/platform/terminal/node/ptyHostMain.js:8:145),    at l.fire (/home/ubuntu/.vscode-server/bin/8dfae7a5cd50421d10cd99cb873990460525a898/out/vs/platform/terminal/node/ptyHostMain.js:8:1856),    at process.U (/home/ubuntu/.vscode-server/bin/8dfae7a5cd50421d10cd99cb873990460525a898/out/vs/platform/terminal/node/ptyHostMain.js:6:34661),    at process.emit (node:events:390:28),    at emit (node:internal/child_process:917:12),    at processTicksAndRejections (node:internal/process/task_queues:84:21)
[01:04:36] [Error: Could not find pty on pty host,    at C._throwIfNoPty (/home/ubuntu/.vscode-server/bin/8dfae7a5cd50421d10cd99cb873990460525a898/out/vs/platform/terminal/node/ptyHostMain.js:20:5336),    at C.updateIcon (/home/ubuntu/.vscode-server/bin/8dfae7a5cd50421d10cd99cb873990460525a898/out/vs/platform/terminal/node/ptyHostMain.js:20:1736),    at Object.call (/home/ubuntu/.vscode-server/bin/8dfae7a5cd50421d10cd99cb873990460525a898/out/vs/platform/terminal/node/ptyHostMain.js:13:8332),    at E.onPromise (/home/ubuntu/.vscode-server/bin/8dfae7a5cd50421d10cd99cb873990460525a898/out/vs/platform/terminal/node/ptyHostMain.js:12:4867),    at E.onRawMessage (/home/ubuntu/.vscode-server/bin/8dfae7a5cd50421d10cd99cb873990460525a898/out/vs/platform/terminal/node/ptyHostMain.js:12:4262),    at /home/ubuntu/.vscode-server/bin/8dfae7a5cd50421d10cd99cb873990460525a898/out/vs/platform/terminal/node/ptyHostMain.js:12:3554,    at L.invoke (/home/ubuntu/.vscode-server/bin/8dfae7a5cd50421d10cd99cb873990460525a898/out/vs/platform/terminal/node/ptyHostMain.js:8:145),    at l.fire (/home/ubuntu/.vscode-server/bin/8dfae7a5cd50421d10cd99cb873990460525a898/out/vs/platform/terminal/node/ptyHostMain.js:8:1856),    at process.U (/home/ubuntu/.vscode-server/bin/8dfae7a5cd50421d10cd99cb873990460525a898/out/vs/platform/terminal/node/ptyHostMain.js:6:34661),    at process.emit (node:events:390:28),    at emit (node:internal/child_process:917:12),    at processTicksAndRejections (node:internal/process/task_queues:84:21)]
rejected promise not handled within 1 second: Error: Could not find pty on pty host
stack trace: Error: Could not find pty on pty host,    at C._throwIfNoPty (/home/ubuntu/.vscode-server/bin/8dfae7a5cd50421d10cd99cb873990460525a898/out/vs/platform/terminal/node/ptyHostMain.js:20:5336),    at C.updateTitle (/home/ubuntu/.vscode-server/bin/8dfae7a5cd50421d10cd99cb873990460525a898/out/vs/platform/terminal/node/ptyHostMain.js:20:1676),    at Object.call (/home/ubuntu/.vscode-server/bin/8dfae7a5cd50421d10cd99cb873990460525a898/out/vs/platform/terminal/node/ptyHostMain.js:13:8332),    at E.onPromise (/home/ubuntu/.vscode-server/bin/8dfae7a5cd50421d10cd99cb873990460525a898/out/vs/platform/terminal/node/ptyHostMain.js:12:4867),    at E.onRawMessage (/home/ubuntu/.vscode-server/bin/8dfae7a5cd50421d10cd99cb873990460525a898/out/vs/platform/terminal/node/ptyHostMain.js:12:4262),    at /home/ubuntu/.vscode-server/bin/8dfae7a5cd50421d10cd99cb873990460525a898/out/vs/platform/terminal/node/ptyHostMain.js:12:3554,    at L.invoke (/home/ubuntu/.vscode-server/bin/8dfae7a5cd50421d10cd99cb873990460525a898/out/vs/platform/terminal/node/ptyHostMain.js:8:145),    at l.fire (/home/ubuntu/.vscode-server/bin/8dfae7a5cd50421d10cd99cb873990460525a898/out/vs/platform/terminal/node/ptyHostMain.js:8:1856),    at process.U (/home/ubuntu/.vscode-server/bin/8dfae7a5cd50421d10cd99cb873990460525a898/out/vs/platform/terminal/node/ptyHostMain.js:6:34661),    at process.emit (node:events:390:28),    at emit (node:internal/child_process:917:12),    at processTicksAndRejections (node:internal/process/task_queues:84:21)
[01:04:36] [Error: Could not find pty on pty host,    at C._throwIfNoPty (/home/ubuntu/.vscode-server/bin/8dfae7a5cd50421d10cd99cb873990460525a898/out/vs/platform/terminal/node/ptyHostMain.js:20:5336),    at C.updateTitle (/home/ubuntu/.vscode-server/bin/8dfae7a5cd50421d10cd99cb873990460525a898/out/vs/platform/terminal/node/ptyHostMain.js:20:1676),    at Object.call (/home/ubuntu/.vscode-server/bin/8dfae7a5cd50421d10cd99cb873990460525a898/out/vs/platform/terminal/node/ptyHostMain.js:13:8332),    at E.onPromise (/home/ubuntu/.vscode-server/bin/8dfae7a5cd50421d10cd99cb873990460525a898/out/vs/platform/terminal/node/ptyHostMain.js:12:4867),    at E.onRawMessage (/home/ubuntu/.vscode-server/bin/8dfae7a5cd50421d10cd99cb873990460525a898/out/vs/platform/terminal/node/ptyHostMain.js:12:4262),    at /home/ubuntu/.vscode-server/bin/8dfae7a5cd50421d10cd99cb873990460525a898/out/vs/platform/terminal/node/ptyHostMain.js:12:3554,    at L.invoke (/home/ubuntu/.vscode-server/bin/8dfae7a5cd50421d10cd99cb873990460525a898/out/vs/platform/terminal/node/ptyHostMain.js:8:145),    at l.fire (/home/ubuntu/.vscode-server/bin/8dfae7a5cd50421d10cd99cb873990460525a898/out/vs/platform/terminal/node/ptyHostMain.js:8:1856),    at process.U (/home/ubuntu/.vscode-server/bin/8dfae7a5cd50421d10cd99cb873990460525a898/out/vs/platform/terminal/node/ptyHostMain.js:6:34661),    at process.emit (node:events:390:28),    at emit (node:internal/child_process:917:12),    at processTicksAndRejections (node:internal/process/task_queues:84:21)]
rejected promise not handled within 1 second: Error: Could not find pty on pty host
stack trace: Error: Could not find pty on pty host,    at C._throwIfNoPty (/home/ubuntu/.vscode-server/bin/8dfae7a5cd50421d10cd99cb873990460525a898/out/vs/platform/terminal/node/ptyHostMain.js:20:5336),    at C.updateTitle (/home/ubuntu/.vscode-server/bin/8dfae7a5cd50421d10cd99cb873990460525a898/out/vs/platform/terminal/node/ptyHostMain.js:20:1676),    at Object.call (/home/ubuntu/.vscode-server/bin/8dfae7a5cd50421d10cd99cb873990460525a898/out/vs/platform/terminal/node/ptyHostMain.js:13:8332),    at E.onPromise (/home/ubuntu/.vscode-server/bin/8dfae7a5cd50421d10cd99cb873990460525a898/out/vs/platform/terminal/node/ptyHostMain.js:12:4867),    at E.onRawMessage (/home/ubuntu/.vscode-server/bin/8dfae7a5cd50421d10cd99cb873990460525a898/out/vs/platform/terminal/node/ptyHostMain.js:12:4262),    at /home/ubuntu/.vscode-server/bin/8dfae7a5cd50421d10cd99cb873990460525a898/out/vs/platform/terminal/node/ptyHostMain.js:12:3554,    at L.invoke (/home/ubuntu/.vscode-server/bin/8dfae7a5cd50421d10cd99cb873990460525a898/out/vs/platform/terminal/node/ptyHostMain.js:8:145),    at l.fire (/home/ubuntu/.vscode-server/bin/8dfae7a5cd50421d10cd99cb873990460525a898/out/vs/platform/terminal/node/ptyHostMain.js:8:1856),    at process.U (/home/ubuntu/.vscode-server/bin/8dfae7a5cd50421d10cd99cb873990460525a898/out/vs/platform/terminal/node/ptyHostMain.js:6:34661),    at process.emit (node:events:390:28),    at emit (node:internal/child_process:917:12),    at processTicksAndRejections (node:internal/process/task_queues:84:21)
[01:04:36] [Error: Could not find pty on pty host,    at C._throwIfNoPty (/home/ubuntu/.vscode-server/bin/8dfae7a5cd50421d10cd99cb873990460525a898/out/vs/platform/terminal/node/ptyHostMain.js:20:5336),    at C.updateTitle (/home/ubuntu/.vscode-server/bin/8dfae7a5cd50421d10cd99cb873990460525a898/out/vs/platform/terminal/node/ptyHostMain.js:20:1676),    at Object.call (/home/ubuntu/.vscode-server/bin/8dfae7a5cd50421d10cd99cb873990460525a898/out/vs/platform/terminal/node/ptyHostMain.js:13:8332),    at E.onPromise (/home/ubuntu/.vscode-server/bin/8dfae7a5cd50421d10cd99cb873990460525a898/out/vs/platform/terminal/node/ptyHostMain.js:12:4867),    at E.onRawMessage (/home/ubuntu/.vscode-server/bin/8dfae7a5cd50421d10cd99cb873990460525a898/out/vs/platform/terminal/node/ptyHostMain.js:12:4262),    at /home/ubuntu/.vscode-server/bin/8dfae7a5cd50421d10cd99cb873990460525a898/out/vs/platform/terminal/node/ptyHostMain.js:12:3554,    at L.invoke (/home/ubuntu/.vscode-server/bin/8dfae7a5cd50421d10cd99cb873990460525a898/out/vs/platform/terminal/node/ptyHostMain.js:8:145),    at l.fire (/home/ubuntu/.vscode-server/bin/8dfae7a5cd50421d10cd99cb873990460525a898/out/vs/platform/terminal/node/ptyHostMain.js:8:1856),    at process.U (/home/ubuntu/.vscode-server/bin/8dfae7a5cd50421d10cd99cb873990460525a898/out/vs/platform/terminal/node/ptyHostMain.js:6:34661),    at process.emit (node:events:390:28),    at emit (node:internal/child_process:917:12),    at processTicksAndRejections (node:internal/process/task_queues:84:21)]
[01:04:37] [127.0.0.1][09e5262d][ExtensionHostConnection] <25456> Extension Host Process exited with code: 0, signal: null.
Last EH closed, waiting before shutting down
[01:04:37] Last EH closed, waiting before shutting down
Last EH closed, shutting down
[01:09:37] Last EH closed, shutting down
