*
* Visual Studio Code Server
*
* By using the software, you agree to
* the Visual Studio Code Server License Terms (https://aka.ms/vscode-server-license) and
* the Microsoft Privacy Statement (https://privacy.microsoft.com/en-US/privacystatement).
*
Server bound to 127.0.0.1:40413 (IPv4)
Extension host agent listening on 40413

[19:25:34] Extension host agent started.
[19:25:34] [127.0.0.1][3a0df570][ManagementConnection] New connection established.
[19:25:34] [127.0.0.1][8eb1c9d7][ExtensionHostConnection] New connection established.
[19:25:35] [127.0.0.1][8eb1c9d7][ExtensionHostConnection] <42671> Launched Extension Host Process.
[IPC Library: Pty Host]  WARN Shell integration cannot be enabled for executable "/bin/sh" and args [
  '-c',
  'wget --version > /dev/null\n' +
    'if [ $? -eq 0 ]\n' +
    'then\n' +
    "\twget --connect-timeout=7 --tries=1 --dns-timeout=7 -q --header='Metadata:true' -O - http://169.254.169.254/metadata/instance?api-version=2019-03-11\n" +
    'else\n' +
    '\tcurl --version > /dev/null\n' +
    '\tif [ $? -eq 0 ]\n' +
    '\tthen\n' +
    "\t\tcurl --connect-timeout 7 -s --header='Metadata:true' http://169.254.169.254/metadata/instance?api-version=2019-03-11\n" +
    '\tfi\n' +
    'fi\n' +
    'exit 0'
]
[IPC Library: Pty Host]  WARN Shell integration cannot be enabled for executable "/bin/sh" and args [
  '-c',
  'wget --version > /dev/null\n' +
    'if [ $? -eq 0 ]\n' +
    'then\n' +
    '\twget --connect-timeout=7 --tries=1 --dns-timeout=7 -q  -O - http://169.254.169.254/latest/meta-data/instance-id\n' +
    'else\n' +
    '\tcurl --version > /dev/null\n' +
    '\tif [ $? -eq 0 ]\n' +
    '\tthen\n' +
    '\t\tcurl --connect-timeout 7 -s  http://169.254.169.254/latest/meta-data/instance-id\n' +
    '\tfi\n' +
    'fi\n' +
    'exit 0'
]
[IPC Library: Pty Host]  WARN Shell integration cannot be enabled for executable "/bin/sh" and args [
  '-c',
  'wget --version > /dev/null\n' +
    'if [ $? -eq 0 ]\n' +
    'then\n' +
    '\twget --connect-timeout=7 --tries=1 --dns-timeout=7 -q  -O - http://169.254.169.254/metadata/v1/id\n' +
    'else\n' +
    '\tcurl --version > /dev/null\n' +
    '\tif [ $? -eq 0 ]\n' +
    '\tthen\n' +
    '\t\tcurl --connect-timeout 7 -s  http://169.254.169.254/metadata/v1/id\n' +
    '\tfi\n' +
    'fi\n' +
    'exit 0'
]
[IPC Library: Pty Host]  WARN Shell integration cannot be enabled for executable "/bin/sh" and args [
  '-c',
  'wget --version > /dev/null\n' +
    'if [ $? -eq 0 ]\n' +
    'then\n' +
    "\twget --connect-timeout=7 --tries=1 --dns-timeout=7 -q --header='Metadata-Flavor:Google' -O - http://metadata.google.internal/computeMetadata/v1/instance/id\n" +
    'else\n' +
    '\tcurl --version > /dev/null\n' +
    '\tif [ $? -eq 0 ]\n' +
    '\tthen\n' +
    "\t\tcurl --connect-timeout 7 -s --header='Metadata-Flavor:Google' http://metadata.google.internal/computeMetadata/v1/instance/id\n" +
    '\tfi\n' +
    'fi\n' +
    'exit 0'
]
[19:25:37] Getting Manifest... ms-vscode.js-debug-companion
[19:25:37] Getting Manifest... ms-vscode.references-view
[19:25:38] Installing extension: ms-vscode.references-view
[19:25:38] Installing extension: ms-vscode.js-debug-companion
[19:25:38] Downloaded extension: ms-vscode.references-view /home/ubuntu/.vscode-server/data/CachedExtensionVSIXs/ms-vscode.references-view-0.0.89
[19:25:39] Downloaded extension: ms-vscode.js-debug-companion /home/ubuntu/.vscode-server/data/CachedExtensionVSIXs/ms-vscode.js-debug-companion-1.0.17
[19:25:39] Extracted extension to /home/ubuntu/.vscode-server/extensions/.269c36b3-2021-460b-8078-e382e48b26ad: ms-vscode.references-view
[19:25:39] Renamed to /home/ubuntu/.vscode-server/extensions/ms-vscode.references-view-0.0.89
[19:25:39] Extracting completed. ms-vscode.references-view
[19:25:39] Extension installed successfully: ms-vscode.references-view
[19:25:39] Extracted extension to /home/ubuntu/.vscode-server/extensions/.8a9aebb4-f6fd-4315-8242-4f597f430b94: ms-vscode.js-debug-companion
[19:25:39] Renamed to /home/ubuntu/.vscode-server/extensions/ms-vscode.js-debug-companion-1.0.17
[19:25:39] Extracting completed. ms-vscode.js-debug-companion
[19:25:39] Extension installed successfully: ms-vscode.js-debug-companion
[IPC Library: Pty Host]  WARN Shell integration cannot be enabled for executable "/usr/bin/bash" and args undefined
[19:26:56] [127.0.0.1][3a0df570][ManagementConnection] The client has disconnected gracefully, so the connection will be disposed.
[19:26:56] [127.0.0.1][8eb1c9d7][ExtensionHostConnection] <42671> Extension Host Process exited with code: 0, signal: null.
Last EH closed, waiting before shutting down
[19:26:56] Last EH closed, waiting before shutting down
Got delay-shutdown request while in shutdown timeout, delaying
[19:26:59] Got delay-shutdown request while in shutdown timeout, delaying
Cancelling previous shutdown timeout
[19:26:59] Cancelling previous shutdown timeout
[19:26:59] [127.0.0.1][4bf5448f][ManagementConnection] New connection established.
[19:26:59] [127.0.0.1][cc1591cc][ExtensionHostConnection] New connection established.
[19:26:59] [127.0.0.1][cc1591cc][ExtensionHostConnection] <43046> Launched Extension Host Process.
Overwriting extension /home/ubuntu/.vscode-server/bin/e18005f0f1b33c29e81d732535d8c0e47cafb0b5/extensions/ms-vscode.js-debug-companion with /home/ubuntu/.vscode-server/extensions/ms-vscode.js-debug-companion-1.0.17.
Overwriting extension /home/ubuntu/.vscode-server/bin/e18005f0f1b33c29e81d732535d8c0e47cafb0b5/extensions/ms-vscode.references-view with /home/ubuntu/.vscode-server/extensions/ms-vscode.references-view-0.0.89.
[IPC Library: Pty Host]  WARN Shell integration cannot be enabled for executable "/bin/sh" and args [
  '-c',
  'wget --version > /dev/null\n' +
    'if [ $? -eq 0 ]\n' +
    'then\n' +
    "\twget --connect-timeout=7 --tries=1 --dns-timeout=7 -q --header='Metadata:true' -O - http://169.254.169.254/metadata/instance?api-version=2019-03-11\n" +
    'else\n' +
    '\tcurl --version > /dev/null\n' +
    '\tif [ $? -eq 0 ]\n' +
    '\tthen\n' +
    "\t\tcurl --connect-timeout 7 -s --header='Metadata:true' http://169.254.169.254/metadata/instance?api-version=2019-03-11\n" +
    '\tfi\n' +
    'fi\n' +
    'exit 0'
]
[IPC Library: Pty Host]  WARN Shell integration cannot be enabled for executable "/bin/sh" and args [
  '-c',
  'wget --version > /dev/null\n' +
    'if [ $? -eq 0 ]\n' +
    'then\n' +
    '\twget --connect-timeout=7 --tries=1 --dns-timeout=7 -q  -O - http://169.254.169.254/latest/meta-data/instance-id\n' +
    'else\n' +
    '\tcurl --version > /dev/null\n' +
    '\tif [ $? -eq 0 ]\n' +
    '\tthen\n' +
    '\t\tcurl --connect-timeout 7 -s  http://169.254.169.254/latest/meta-data/instance-id\n' +
    '\tfi\n' +
    'fi\n' +
    'exit 0'
]
[IPC Library: Pty Host]  WARN Shell integration cannot be enabled for executable "/bin/sh" and args [
  '-c',
  'wget --version > /dev/null\n' +
    'if [ $? -eq 0 ]\n' +
    'then\n' +
    '\twget --connect-timeout=7 --tries=1 --dns-timeout=7 -q  -O - http://169.254.169.254/metadata/v1/id\n' +
    'else\n' +
    '\tcurl --version > /dev/null\n' +
    '\tif [ $? -eq 0 ]\n' +
    '\tthen\n' +
    '\t\tcurl --connect-timeout 7 -s  http://169.254.169.254/metadata/v1/id\n' +
    '\tfi\n' +
    'fi\n' +
    'exit 0'
]
[IPC Library: Pty Host]  WARN Shell integration cannot be enabled for executable "/bin/sh" and args [
  '-c',
  'wget --version > /dev/null\n' +
    'if [ $? -eq 0 ]\n' +
    'then\n' +
    "\twget --connect-timeout=7 --tries=1 --dns-timeout=7 -q --header='Metadata-Flavor:Google' -O - http://metadata.google.internal/computeMetadata/v1/instance/id\n" +
    'else\n' +
    '\tcurl --version > /dev/null\n' +
    '\tif [ $? -eq 0 ]\n' +
    '\tthen\n' +
    "\t\tcurl --connect-timeout 7 -s --header='Metadata-Flavor:Google' http://metadata.google.internal/computeMetadata/v1/instance/id\n" +
    '\tfi\n' +
    'fi\n' +
    'exit 0'
]
[IPC Library: Pty Host]  WARN Shell integration cannot be enabled for executable "/usr/bin/bash" and args undefined
New EH opened, aborting shutdown
[19:31:59] New EH opened, aborting shutdown
[19:51:13] No ptyHost heartbeat after 6 seconds
rejected promise not handled within 1 second: Error: Could not find pty on pty host
stack trace: Error: Could not find pty on pty host,    at C._throwIfNoPty (/home/ubuntu/.vscode-server/bin/e18005f0f1b33c29e81d732535d8c0e47cafb0b5/out/vs/platform/terminal/node/ptyHostMain.js:20:5336),    at C.updateIcon (/home/ubuntu/.vscode-server/bin/e18005f0f1b33c29e81d732535d8c0e47cafb0b5/out/vs/platform/terminal/node/ptyHostMain.js:20:1736),    at Object.call (/home/ubuntu/.vscode-server/bin/e18005f0f1b33c29e81d732535d8c0e47cafb0b5/out/vs/platform/terminal/node/ptyHostMain.js:13:8332),    at E.onPromise (/home/ubuntu/.vscode-server/bin/e18005f0f1b33c29e81d732535d8c0e47cafb0b5/out/vs/platform/terminal/node/ptyHostMain.js:12:4867),    at E.onRawMessage (/home/ubuntu/.vscode-server/bin/e18005f0f1b33c29e81d732535d8c0e47cafb0b5/out/vs/platform/terminal/node/ptyHostMain.js:12:4262),    at /home/ubuntu/.vscode-server/bin/e18005f0f1b33c29e81d732535d8c0e47cafb0b5/out/vs/platform/terminal/node/ptyHostMain.js:12:3554,    at L.invoke (/home/ubuntu/.vscode-server/bin/e18005f0f1b33c29e81d732535d8c0e47cafb0b5/out/vs/platform/terminal/node/ptyHostMain.js:8:145),    at l.fire (/home/ubuntu/.vscode-server/bin/e18005f0f1b33c29e81d732535d8c0e47cafb0b5/out/vs/platform/terminal/node/ptyHostMain.js:8:1856),    at process.U (/home/ubuntu/.vscode-server/bin/e18005f0f1b33c29e81d732535d8c0e47cafb0b5/out/vs/platform/terminal/node/ptyHostMain.js:6:34661),    at process.emit (node:events:390:28),    at emit (node:internal/child_process:917:12),    at processTicksAndRejections (node:internal/process/task_queues:84:21)
[19:51:48] [Error: Could not find pty on pty host,    at C._throwIfNoPty (/home/ubuntu/.vscode-server/bin/e18005f0f1b33c29e81d732535d8c0e47cafb0b5/out/vs/platform/terminal/node/ptyHostMain.js:20:5336),    at C.updateIcon (/home/ubuntu/.vscode-server/bin/e18005f0f1b33c29e81d732535d8c0e47cafb0b5/out/vs/platform/terminal/node/ptyHostMain.js:20:1736),    at Object.call (/home/ubuntu/.vscode-server/bin/e18005f0f1b33c29e81d732535d8c0e47cafb0b5/out/vs/platform/terminal/node/ptyHostMain.js:13:8332),    at E.onPromise (/home/ubuntu/.vscode-server/bin/e18005f0f1b33c29e81d732535d8c0e47cafb0b5/out/vs/platform/terminal/node/ptyHostMain.js:12:4867),    at E.onRawMessage (/home/ubuntu/.vscode-server/bin/e18005f0f1b33c29e81d732535d8c0e47cafb0b5/out/vs/platform/terminal/node/ptyHostMain.js:12:4262),    at /home/ubuntu/.vscode-server/bin/e18005f0f1b33c29e81d732535d8c0e47cafb0b5/out/vs/platform/terminal/node/ptyHostMain.js:12:3554,    at L.invoke (/home/ubuntu/.vscode-server/bin/e18005f0f1b33c29e81d732535d8c0e47cafb0b5/out/vs/platform/terminal/node/ptyHostMain.js:8:145),    at l.fire (/home/ubuntu/.vscode-server/bin/e18005f0f1b33c29e81d732535d8c0e47cafb0b5/out/vs/platform/terminal/node/ptyHostMain.js:8:1856),    at process.U (/home/ubuntu/.vscode-server/bin/e18005f0f1b33c29e81d732535d8c0e47cafb0b5/out/vs/platform/terminal/node/ptyHostMain.js:6:34661),    at process.emit (node:events:390:28),    at emit (node:internal/child_process:917:12),    at processTicksAndRejections (node:internal/process/task_queues:84:21)]
rejected promise not handled within 1 second: Error: Could not find pty on pty host
stack trace: Error: Could not find pty on pty host,    at C._throwIfNoPty (/home/ubuntu/.vscode-server/bin/e18005f0f1b33c29e81d732535d8c0e47cafb0b5/out/vs/platform/terminal/node/ptyHostMain.js:20:5336),    at C.updateTitle (/home/ubuntu/.vscode-server/bin/e18005f0f1b33c29e81d732535d8c0e47cafb0b5/out/vs/platform/terminal/node/ptyHostMain.js:20:1676),    at Object.call (/home/ubuntu/.vscode-server/bin/e18005f0f1b33c29e81d732535d8c0e47cafb0b5/out/vs/platform/terminal/node/ptyHostMain.js:13:8332),    at E.onPromise (/home/ubuntu/.vscode-server/bin/e18005f0f1b33c29e81d732535d8c0e47cafb0b5/out/vs/platform/terminal/node/ptyHostMain.js:12:4867),    at E.onRawMessage (/home/ubuntu/.vscode-server/bin/e18005f0f1b33c29e81d732535d8c0e47cafb0b5/out/vs/platform/terminal/node/ptyHostMain.js:12:4262),    at /home/ubuntu/.vscode-server/bin/e18005f0f1b33c29e81d732535d8c0e47cafb0b5/out/vs/platform/terminal/node/ptyHostMain.js:12:3554,    at L.invoke (/home/ubuntu/.vscode-server/bin/e18005f0f1b33c29e81d732535d8c0e47cafb0b5/out/vs/platform/terminal/node/ptyHostMain.js:8:145),    at l.fire (/home/ubuntu/.vscode-server/bin/e18005f0f1b33c29e81d732535d8c0e47cafb0b5/out/vs/platform/terminal/node/ptyHostMain.js:8:1856),    at process.U (/home/ubuntu/.vscode-server/bin/e18005f0f1b33c29e81d732535d8c0e47cafb0b5/out/vs/platform/terminal/node/ptyHostMain.js:6:34661),    at process.emit (node:events:390:28),    at emit (node:internal/child_process:917:12),    at processTicksAndRejections (node:internal/process/task_queues:84:21)
[19:51:49] [Error: Could not find pty on pty host,    at C._throwIfNoPty (/home/ubuntu/.vscode-server/bin/e18005f0f1b33c29e81d732535d8c0e47cafb0b5/out/vs/platform/terminal/node/ptyHostMain.js:20:5336),    at C.updateTitle (/home/ubuntu/.vscode-server/bin/e18005f0f1b33c29e81d732535d8c0e47cafb0b5/out/vs/platform/terminal/node/ptyHostMain.js:20:1676),    at Object.call (/home/ubuntu/.vscode-server/bin/e18005f0f1b33c29e81d732535d8c0e47cafb0b5/out/vs/platform/terminal/node/ptyHostMain.js:13:8332),    at E.onPromise (/home/ubuntu/.vscode-server/bin/e18005f0f1b33c29e81d732535d8c0e47cafb0b5/out/vs/platform/terminal/node/ptyHostMain.js:12:4867),    at E.onRawMessage (/home/ubuntu/.vscode-server/bin/e18005f0f1b33c29e81d732535d8c0e47cafb0b5/out/vs/platform/terminal/node/ptyHostMain.js:12:4262),    at /home/ubuntu/.vscode-server/bin/e18005f0f1b33c29e81d732535d8c0e47cafb0b5/out/vs/platform/terminal/node/ptyHostMain.js:12:3554,    at L.invoke (/home/ubuntu/.vscode-server/bin/e18005f0f1b33c29e81d732535d8c0e47cafb0b5/out/vs/platform/terminal/node/ptyHostMain.js:8:145),    at l.fire (/home/ubuntu/.vscode-server/bin/e18005f0f1b33c29e81d732535d8c0e47cafb0b5/out/vs/platform/terminal/node/ptyHostMain.js:8:1856),    at process.U (/home/ubuntu/.vscode-server/bin/e18005f0f1b33c29e81d732535d8c0e47cafb0b5/out/vs/platform/terminal/node/ptyHostMain.js:6:34661),    at process.emit (node:events:390:28),    at emit (node:internal/child_process:917:12),    at processTicksAndRejections (node:internal/process/task_queues:84:21)]
[19:52:05] No ptyHost heartbeat after 6 seconds
[20:47:30] No ptyHost heartbeat after 6 seconds
[20:48:05] No ptyHost heartbeat after 6 seconds
[21:12:16] No ptyHost heartbeat after 6 seconds
[21:19:09] No ptyHost heartbeat after 6 seconds
[21:34:27] No ptyHost heartbeat after 6 seconds
[21:46:54] No ptyHost heartbeat after 6 seconds
