[2022-04-11 22:00:31.603] [exthost] [info] Extension host with pid 1698 started
[2022-04-11 22:00:31.606] [exthost] [error] Error: EEXIST: file already exists, open '/home/ubuntu/.vscode-server/data/User/workspaceStorage/548cf2daf35cce22efdbaa1b7373af71/vscode.lock'
[2022-04-11 22:00:31.608] [exthost] [info] Lock '/home/ubuntu/.vscode-server/data/User/workspaceStorage/548cf2daf35cce22efdbaa1b7373af71/vscode.lock': Could not acquire lock, checking if the file is stale.
[2022-04-11 22:00:31.615] [exthost] [info] Lock '/home/ubuntu/.vscode-server/data/User/workspaceStorage/548cf2daf35cce22efdbaa1b7373af71/vscode.lock': The pid 43046 appears to be gone.
[2022-04-11 22:00:31.615] [exthost] [info] Lock '/home/ubuntu/.vscode-server/data/User/workspaceStorage/548cf2daf35cce22efdbaa1b7373af71/vscode.lock': Deleting a stale lock.
[2022-04-11 22:00:31.632] [exthost] [info] Lock '/home/ubuntu/.vscode-server/data/User/workspaceStorage/548cf2daf35cce22efdbaa1b7373af71/vscode.lock': Lock acquired.
[2022-04-11 22:00:31.829] [exthost] [info] ExtensionService#_doActivateExtension vscode.debug-auto-launch, startup: true, activationEvent: '*'
[2022-04-11 22:00:31.852] [exthost] [info] ExtensionService#_doActivateExtension vscode.git-base, startup: true, activationEvent: '*', root cause: vscode.git
[2022-04-11 22:00:31.881] [exthost] [info] ExtensionService#_doActivateExtension vscode.ipynb, startup: true, activationEvent: '*'
[2022-04-11 22:00:32.036] [exthost] [info] ExtensionService#_doActivateExtension vscode.git, startup: true, activationEvent: '*'
[2022-04-11 22:00:32.266] [exthost] [info] ExtensionService#_doActivateExtension vscode.github, startup: true, activationEvent: '*'
[2022-04-11 22:00:32.394] [exthost] [info] ExtensionService#_doActivateExtension vscode.emmet, startup: false, activationEvent: 'onStartupFinished'
[2022-04-11 22:00:32.435] [exthost] [info] ExtensionService#_doActivateExtension vscode.merge-conflict, startup: false, activationEvent: 'onStartupFinished'
[2022-04-11 22:00:32.446] [exthost] [info] Eager extensions activated
[2022-04-11 22:00:32.491] [exthost] [info] ExtensionService#_doActivateExtension vscode.configuration-editing, startup: false, activationEvent: 'onLanguage:json'
[2022-04-11 22:00:32.501] [exthost] [info] ExtensionService#_doActivateExtension vscode.extension-editing, startup: false, activationEvent: 'onLanguage:json'
[2022-04-11 22:00:32.528] [exthost] [info] ExtensionService#_doActivateExtension vscode.json-language-features, startup: false, activationEvent: 'onLanguage:json'
[2022-04-11 22:00:32.626] [exthost] [info] ExtensionService#_doActivateExtension vscode.npm, startup: false, activationEvent: 'onLanguage:json'
[2022-04-11 23:47:23.307] [exthost] [info] ExtensionService#_doActivateExtension vscode.typescript-language-features, startup: false, activationEvent: 'onLanguage:jsonc'
[2022-04-11 23:47:27.225] [exthost] [info] ExtensionService#_doActivateExtension vscode.markdown-language-features, startup: false, activationEvent: 'onLanguage:markdown'
[2022-04-11 23:47:27.663] [exthost] [info] ExtensionService#_doActivateExtension vscode.markdown-math, startup: false, activationEvent: 'api', root cause: vscode.markdown-language-features
[2022-04-11 23:56:23.566] [exthost] [info] ExtensionService#_doActivateExtension vscode.html-language-features, startup: false, activationEvent: 'onLanguage:html'
[2022-04-12 00:24:40.172] [exthost] [info] extension host terminating: received terminate message from renderer
[2022-04-12 00:24:40.238] [exthost] [info] Lock '/home/ubuntu/.vscode-server/data/User/workspaceStorage/548cf2daf35cce22efdbaa1b7373af71/vscode.lock': Marking the lockfile as scheduled to be released in 6000 ms.
[2022-04-12 00:24:43.319] [exthost] [info] Extension host with pid 1698 exiting with code 0
