0 verbose cli /home/ubuntu/.nvm/versions/node/v16.14.2/bin/node /home/ubuntu/.nvm/versions/node/v16.14.2/bin/npm
1 info using npm@8.6.0
2 info using node@v16.14.2
3 timing npm:load:whichnode Completed in 0ms
4 timing config:load:defaults Completed in 2ms
5 timing config:load:file:/home/ubuntu/.nvm/versions/node/v16.14.2/lib/node_modules/npm/npmrc Completed in 14ms
6 timing config:load:builtin Completed in 14ms
7 timing config:load:cli Completed in 1ms
8 timing config:load:env Completed in 0ms
9 timing config:load:file:/home/ubuntu/server/hufs/.npmrc Completed in 0ms
10 timing config:load:project Completed in 7ms
11 timing config:load:file:/home/ubuntu/.npmrc Completed in 1ms
12 timing config:load:user Completed in 1ms
13 timing config:load:file:/home/ubuntu/.nvm/versions/node/v16.14.2/etc/npmrc Completed in 0ms
14 timing config:load:global Completed in 0ms
15 timing config:load:validate Completed in 0ms
16 timing config:load:credentials Completed in 1ms
17 timing config:load:setEnvs Completed in 1ms
18 timing config:load Completed in 30ms
19 timing npm:load:configload Completed in 30ms
20 timing npm:load:mkdirpcache Completed in 1ms
21 timing npm:load:mkdirplogs Completed in 0ms
22 verbose title npm install
23 verbose argv "install"
24 timing npm:load:setTitle Completed in 2ms
25 timing config:load:flatten Completed in 3ms
26 timing npm:load:display Completed in 5ms
27 verbose logfile logs-max:10 dir:/home/ubuntu/.npm/_logs
28 verbose logfile /home/ubuntu/.npm/_logs/2022-05-30T18_48_26_468Z-debug-0.log
29 timing npm:load:logFile Completed in 6ms
30 timing npm:load:timers Completed in 0ms
31 timing npm:load:configScope Completed in 0ms
32 timing npm:load Completed in 45ms
33 timing arborist:ctor Completed in 1ms
34 silly logfile start cleaning logs, removing 105 files
35 timing idealTree:init Completed in 146ms
36 timing idealTree:userRequests Completed in 0ms
37 silly idealTree buildDeps
38 timing idealTree:#root Completed in 1ms
39 timing idealTree:buildDeps Completed in 2ms
40 timing idealTree:fixDepFlags Completed in 2ms
41 timing idealTree Completed in 152ms
42 timing arborist:ctor Completed in 0ms
43 timing reify:loadTrees Completed in 246ms
44 timing reify:diffTrees Completed in 13ms
45 silly reify mark retired [ '/home/ubuntu/server/hufs/node_modules/express-session' ]
46 silly reify mark retired [ '/home/ubuntu/server/hufs/node_modules/random-bytes' ]
47 silly reify mark retired [ '/home/ubuntu/server/hufs/node_modules/uid-safe' ]
48 silly reify moves {
48 silly reify   '/home/ubuntu/server/hufs/node_modules/express-session': '/home/ubuntu/server/hufs/node_modules/.express-session-wB6xVx4q',
48 silly reify   '/home/ubuntu/server/hufs/node_modules/random-bytes': '/home/ubuntu/server/hufs/node_modules/.random-bytes-ljj7ZBHY',
48 silly reify   '/home/ubuntu/server/hufs/node_modules/uid-safe': '/home/ubuntu/server/hufs/node_modules/.uid-safe-5yH5HNm5'
48 silly reify }
49 timing reify:retireShallow Completed in 36ms
50 timing reify:createSparse Completed in 0ms
51 timing reify:loadBundles Completed in 0ms
52 silly audit bulk request {
52 silly audit   accepts: [ '1.3.8' ],
52 silly audit   'array-flatten': [ '1.1.1' ],
52 silly audit   axios: [ '0.26.1' ],
52 silly audit   'basic-auth': [ '2.0.1' ],
52 silly audit   'safe-buffer': [ '5.1.2', '5.2.1' ],
52 silly audit   'body-parser': [ '1.20.0', '1.19.2' ],
52 silly audit   depd: [ '2.0.0', '1.1.2' ],
52 silly audit   destroy: [ '1.2.0', '1.0.4' ],
52 silly audit   'http-errors': [ '2.0.0', '1.8.1' ],
52 silly audit   'on-finished': [ '2.4.1', '2.3.0' ],
52 silly audit   qs: [ '6.10.3', '6.9.7' ],
52 silly audit   statuses: [ '2.0.1', '1.5.0' ],
52 silly audit   'buffer-equal-constant-time': [ '1.0.1' ],
52 silly audit   bytes: [ '3.1.2' ],
52 silly audit   'call-bind': [ '1.0.2' ],
52 silly audit   'content-disposition': [ '0.5.4' ],
52 silly audit   'content-type': [ '1.0.4' ],
52 silly audit   cookie: [ '0.4.2', '0.4.1' ],
52 silly audit   'cookie-parser': [ '1.4.6' ],
52 silly audit   'cookie-signature': [ '1.0.6' ],
52 silly audit   cors: [ '2.8.5' ],
52 silly audit   dayjs: [ '1.11.0' ],
52 silly audit   debug: [ '2.6.9' ],
52 silly audit   denque: [ '2.0.1' ],
52 silly audit   dotenv: [ '16.0.0' ],
52 silly audit   'ecdsa-sig-formatter': [ '1.0.11' ],
52 silly audit   'ee-first': [ '1.1.1' ],
52 silly audit   encodeurl: [ '1.0.2' ],
52 silly audit   'escape-html': [ '1.0.3' ],
52 silly audit   etag: [ '1.8.1' ],
52 silly audit   express: [ '4.17.3' ],
52 silly audit   'raw-body': [ '2.4.3', '2.5.1' ],
52 silly audit   finalhandler: [ '1.1.2' ],
52 silly audit   'follow-redirects': [ '1.14.9' ],
52 silly audit   forwarded: [ '0.2.0' ],
52 silly audit   fresh: [ '0.5.2' ],
52 silly audit   'function-bind': [ '1.1.1' ],
52 silly audit   'generate-function': [ '2.3.1' ],
52 silly audit   'get-intrinsic': [ '1.1.1' ],
52 silly audit   has: [ '1.0.3' ],
52 silly audit   'has-symbols': [ '1.0.3' ],
52 silly audit   'iconv-lite': [ '0.4.24', '0.6.3' ],
52 silly audit   inherits: [ '2.0.4' ],
52 silly audit   'ipaddr.js': [ '1.9.1' ],
52 silly audit   'is-property': [ '1.0.2' ],
52 silly audit   jsonwebtoken: [ '8.5.1' ],
52 silly audit   ms: [ '2.1.3', '2.0.0' ],
52 silly audit   jwa: [ '1.4.1' ],
52 silly audit   jws: [ '3.2.2' ],
52 silly audit   'lodash.includes': [ '4.3.0' ],
52 silly audit   'lodash.isboolean': [ '3.0.3' ],
52 silly audit   'lodash.isinteger': [ '4.0.4' ],
52 silly audit   'lodash.isnumber': [ '3.0.3' ],
52 silly audit   'lodash.isplainobject': [ '4.0.6' ],
52 silly audit   'lodash.isstring': [ '4.0.1' ],
52 silly audit   'lodash.once': [ '4.1.1' ],
52 silly audit   long: [ '4.0.0' ],
52 silly audit   'lru-cache': [ '6.0.0', '4.1.5' ],
52 silly audit   'media-typer': [ '0.3.0' ],
52 silly audit   'merge-descriptors': [ '1.0.1' ],
52 silly audit   methods: [ '1.1.2' ],
52 silly audit   mime: [ '1.6.0' ],
52 silly audit   'mime-db': [ '1.52.0' ],
52 silly audit   'mime-types': [ '2.1.35' ],
52 silly audit   morgan: [ '1.10.0' ],
52 silly audit   mysql2: [ '2.3.3' ],
52 silly audit   'named-placeholders': [ '1.1.2' ],
52 silly audit   yallist: [ '2.1.2', '4.0.0' ],
52 silly audit   negotiator: [ '0.6.3' ],
52 silly audit   'object-assign': [ '4.1.1' ],
52 silly audit   'object-inspect': [ '1.12.0' ],
52 silly audit   'on-headers': [ '1.0.2' ],
52 silly audit   parseurl: [ '1.3.3' ],
52 silly audit   'path-to-regexp': [ '0.1.7' ],
52 silly audit   'proxy-addr': [ '2.0.7' ],
52 silly audit   pseudomap: [ '1.0.2' ],
52 silly audit   querystring: [ '0.2.1' ],
52 silly audit   'range-parser': [ '1.2.1' ],
52 silly audit   'safer-buffer': [ '2.1.2' ],
52 silly audit   semver: [ '5.7.1' ],
52 silly audit   send: [ '0.17.2' ],
52 silly audit   'seq-queue': [ '0.0.5' ],
52 silly audit   'serve-static': [ '1.14.2' ],
52 silly audit   setprototypeof: [ '1.2.0' ],
52 silly audit   'side-channel': [ '1.0.4' ],
52 silly audit   sqlstring: [ '2.3.3' ],
52 silly audit   toidentifier: [ '1.0.1' ],
52 silly audit   'type-is': [ '1.6.18' ],
52 silly audit   unpipe: [ '1.0.0' ],
52 silly audit   'utils-merge': [ '1.0.1' ],
52 silly audit   vary: [ '1.1.2' ]
52 silly audit }
53 timing reify:unpack Completed in 0ms
54 timing reify:unretire Completed in 0ms
55 timing build:queue Completed in 0ms
56 timing build:deps Completed in 0ms
57 timing build Completed in 0ms
58 timing reify:build Completed in 1ms
59 timing reify:trash Completed in 32ms
60 timing reify:save Completed in 39ms
61 http fetch GET 200 https://registry.npmjs.org/npm 459ms (cache updated)
62 silly logfile done cleaning log files
63 http fetch POST 200 https://registry.npmjs.org/-/npm/v1/security/advisories/bulk 234ms
64 timing auditReport:getReport Completed in 237ms
65 silly audit report {}
66 timing auditReport:init Completed in 0ms
67 timing reify:audit Completed in 237ms
68 timing reify Completed in 558ms
69 silly REMOVE node_modules/uid-safe
70 silly REMOVE node_modules/random-bytes
71 silly REMOVE node_modules/express-session
72 silly REMOVE node_modules/express-session/node_modules/depd
73 silly REMOVE node_modules/express-session/node_modules/cookie
74 timing command:install Completed in 572ms
75 notice
75 notice New [33mminor[39m version of npm available! [31m8.6.0[39m -> [32m8.11.0[39m
75 notice Changelog: [36mhttps://github.com/npm/cli/releases/tag/v8.11.0[39m
75 notice Run [32mnpm install -g npm@8.11.0[39m to update!
75 notice
76 verbose exit 0
77 timing npm Completed in 852ms
78 info ok
