0 verbose cli /home/ubuntu/.nvm/versions/node/v16.14.2/bin/node /home/ubuntu/.nvm/versions/node/v16.14.2/bin/npm
1 info using npm@8.6.0
2 info using node@v16.14.2
3 timing npm:load:whichnode Completed in 1ms
4 timing config:load:defaults Completed in 2ms
5 timing config:load:file:/home/ubuntu/.nvm/versions/node/v16.14.2/lib/node_modules/npm/npmrc Completed in 17ms
6 timing config:load:builtin Completed in 17ms
7 timing config:load:cli Completed in 4ms
8 timing config:load:env Completed in 1ms
9 timing config:load:file:/home/ubuntu/server/hufs/.npmrc Completed in 0ms
10 timing config:load:project Completed in 2ms
11 timing config:load:file:/home/ubuntu/.npmrc Completed in 0ms
12 timing config:load:user Completed in 0ms
13 timing config:load:file:/home/ubuntu/.nvm/versions/node/v16.14.2/etc/npmrc Completed in 0ms
14 timing config:load:global Completed in 0ms
15 timing config:load:validate Completed in 0ms
16 timing config:load:credentials Completed in 2ms
17 timing config:load:setEnvs Completed in 1ms
18 timing config:load Completed in 29ms
19 timing npm:load:configload Completed in 29ms
20 timing npm:load:mkdirpcache Completed in 1ms
21 timing npm:load:mkdirplogs Completed in 0ms
22 verbose title npm install
23 verbose argv "install"
24 timing npm:load:setTitle Completed in 1ms
25 timing config:load:flatten Completed in 3ms
26 timing npm:load:display Completed in 5ms
27 verbose logfile logs-max:10 dir:/home/ubuntu/.npm/_logs
28 verbose logfile /home/ubuntu/.npm/_logs/2022-05-30T18_50_09_386Z-debug-0.log
29 timing npm:load:logFile Completed in 5ms
30 timing npm:load:timers Completed in 1ms
31 timing npm:load:configScope Completed in 0ms
32 timing npm:load Completed in 45ms
33 timing arborist:ctor Completed in 1ms
34 silly logfile start cleaning logs, removing 1 files
35 silly logfile done cleaning log files
36 timing idealTree:init Completed in 140ms
37 timing idealTree:userRequests Completed in 1ms
38 silly idealTree buildDeps
39 silly fetch manifest express-session@^1.17.3
40 timing arborist:ctor Completed in 1ms
41 http fetch GET 200 https://registry.npmjs.org/express-session 145ms (cache updated)
42 silly fetch manifest session-file-store@^1.5.0
43 http fetch GET 200 https://registry.npmjs.org/session-file-store 213ms (cache miss)
44 silly placeDep ROOT express-session@1.17.3 OK for: express-hufs@0.0.1 want: ^1.17.3
45 silly placeDep ROOT session-file-store@1.5.0 OK for: express-hufs@0.0.1 want: ^1.5.0
46 silly fetch manifest depd@~2.0.0
47 silly fetch manifest uid-safe@~2.1.5
48 silly fetch manifest bagpipe@^0.3.5
49 silly fetch manifest fs-extra@^8.0.1
50 silly fetch manifest kruptein@^2.0.4
51 silly fetch manifest retry@^0.12.0
52 silly fetch manifest write-file-atomic@3.0.3
53 http fetch GET 200 https://registry.npmjs.org/fs-extra 60ms (cache updated)
54 http fetch GET 200 https://registry.npmjs.org/depd 82ms (cache updated)
55 http fetch GET 200 https://registry.npmjs.org/write-file-atomic 80ms (cache updated)
56 http fetch GET 200 https://registry.npmjs.org/uid-safe 84ms (cache updated)
57 http fetch GET 200 https://registry.npmjs.org/retry 275ms (cache miss)
58 http fetch GET 200 https://registry.npmjs.org/bagpipe 723ms (cache miss)
59 http fetch GET 200 https://registry.npmjs.org/kruptein 735ms (cache miss)
60 timing idealTree:#root Completed in 1113ms
61 silly placeDep node_modules/express-session depd@2.0.0 OK for: express-session@1.17.3 want: ~2.0.0
62 silly placeDep ROOT uid-safe@2.1.5 OK for: express-session@1.17.3 want: ~2.1.5
63 silly fetch manifest random-bytes@~1.0.0
64 http fetch GET 200 https://registry.npmjs.org/random-bytes 53ms (cache revalidated)
65 timing idealTree:node_modules/express-session Completed in 60ms
66 silly placeDep ROOT bagpipe@0.3.5 OK for: session-file-store@1.5.0 want: ^0.3.5
67 silly placeDep ROOT fs-extra@8.1.0 OK for: session-file-store@1.5.0 want: ^8.0.1
68 silly placeDep ROOT kruptein@2.2.3 OK for: session-file-store@1.5.0 want: ^2.0.4
69 silly placeDep ROOT retry@0.12.0 OK for: session-file-store@1.5.0 want: ^0.12.0
70 silly placeDep ROOT write-file-atomic@3.0.3 OK for: session-file-store@1.5.0 want: 3.0.3
71 silly fetch manifest graceful-fs@^4.2.0
72 silly fetch manifest jsonfile@^4.0.0
73 silly fetch manifest universalify@^0.1.0
74 silly fetch manifest asn1.js@^5.4.1
75 silly fetch manifest imurmurhash@^0.1.4
76 silly fetch manifest is-typedarray@^1.0.0
77 silly fetch manifest signal-exit@^3.0.2
78 silly fetch manifest typedarray-to-buffer@^3.1.5
79 http fetch GET 200 https://registry.npmjs.org/asn1.js 46ms (cache miss)
80 http fetch GET 200 https://registry.npmjs.org/jsonfile 58ms (cache updated)
81 http fetch GET 200 https://registry.npmjs.org/graceful-fs 60ms (cache updated)
82 http fetch GET 200 https://registry.npmjs.org/universalify 59ms (cache updated)
83 http fetch GET 200 https://registry.npmjs.org/is-typedarray 59ms (cache updated)
84 http fetch GET 200 https://registry.npmjs.org/imurmurhash 60ms (cache updated)
85 http fetch GET 200 https://registry.npmjs.org/typedarray-to-buffer 59ms (cache updated)
86 http fetch GET 200 https://registry.npmjs.org/signal-exit 712ms (cache updated)
87 timing idealTree:node_modules/session-file-store Completed in 724ms
88 timing idealTree:node_modules/bagpipe Completed in 0ms
89 silly placeDep ROOT graceful-fs@4.2.10 OK for: fs-extra@8.1.0 want: ^4.2.0
90 silly placeDep ROOT jsonfile@4.0.0 OK for: fs-extra@8.1.0 want: ^4.0.0
91 silly placeDep ROOT universalify@0.1.2 OK for: fs-extra@8.1.0 want: ^0.1.0
92 timing idealTree:node_modules/fs-extra Completed in 4ms
93 timing idealTree:node_modules/graceful-fs Completed in 0ms
94 timing idealTree:node_modules/jsonfile Completed in 0ms
95 silly placeDep ROOT asn1.js@5.4.1 OK for: kruptein@2.2.3 want: ^5.4.1
96 silly fetch manifest bn.js@^4.0.0
97 silly fetch manifest minimalistic-assert@^1.0.0
98 http fetch GET 200 https://registry.npmjs.org/minimalistic-assert 26ms (cache miss)
99 http fetch GET 200 https://registry.npmjs.org/bn.js 44ms (cache miss)
100 timing idealTree:node_modules/kruptein Completed in 50ms
101 silly placeDep ROOT bn.js@4.12.0 OK for: asn1.js@5.4.1 want: ^4.0.0
102 silly placeDep ROOT minimalistic-assert@1.0.1 OK for: asn1.js@5.4.1 want: ^1.0.0
103 timing idealTree:node_modules/asn1.js Completed in 3ms
104 timing idealTree:node_modules/bn.js Completed in 0ms
105 timing idealTree:node_modules/minimalistic-assert Completed in 0ms
106 timing idealTree:node_modules/retry Completed in 0ms
107 silly placeDep ROOT random-bytes@1.0.0 OK for: uid-safe@2.1.5 want: ~1.0.0
108 timing idealTree:node_modules/uid-safe Completed in 7ms
109 timing idealTree:node_modules/random-bytes Completed in 0ms
110 timing idealTree:node_modules/universalify Completed in 0ms
111 silly placeDep ROOT imurmurhash@0.1.4 OK for: write-file-atomic@3.0.3 want: ^0.1.4
112 silly placeDep ROOT is-typedarray@1.0.0 OK for: write-file-atomic@3.0.3 want: ^1.0.0
113 silly placeDep ROOT signal-exit@3.0.7 OK for: write-file-atomic@3.0.3 want: ^3.0.2
114 silly placeDep ROOT typedarray-to-buffer@3.1.5 OK for: write-file-atomic@3.0.3 want: ^3.1.5
115 timing idealTree:node_modules/write-file-atomic Completed in 5ms
116 timing idealTree:node_modules/imurmurhash Completed in 0ms
117 timing idealTree:node_modules/is-typedarray Completed in 0ms
118 timing idealTree:node_modules/signal-exit Completed in 0ms
119 timing idealTree:node_modules/typedarray-to-buffer Completed in 0ms
120 timing idealTree:node_modules/express-session/node_modules/depd Completed in 0ms
121 timing idealTree:buildDeps Completed in 1972ms
122 timing idealTree:fixDepFlags Completed in 3ms
123 timing idealTree Completed in 2119ms
124 timing reify:loadTrees Completed in 2120ms
125 timing reify:diffTrees Completed in 4ms
126 silly reify moves {}
127 timing reify:retireShallow Completed in 1ms
128 timing reify:createSparse Completed in 5ms
129 timing reify:loadBundles Completed in 0ms
130 silly audit bulk request {
130 silly audit   accepts: [ '1.3.8' ],
130 silly audit   'array-flatten': [ '1.1.1' ],
130 silly audit   axios: [ '0.26.1' ],
130 silly audit   'basic-auth': [ '2.0.1' ],
130 silly audit   'safe-buffer': [ '5.1.2', '5.2.1' ],
130 silly audit   'body-parser': [ '1.20.0', '1.19.2' ],
130 silly audit   depd: [ '2.0.0', '1.1.2' ],
130 silly audit   destroy: [ '1.2.0', '1.0.4' ],
130 silly audit   'http-errors': [ '2.0.0', '1.8.1' ],
130 silly audit   'on-finished': [ '2.4.1', '2.3.0' ],
130 silly audit   qs: [ '6.10.3', '6.9.7' ],
130 silly audit   statuses: [ '2.0.1', '1.5.0' ],
130 silly audit   'buffer-equal-constant-time': [ '1.0.1' ],
130 silly audit   bytes: [ '3.1.2' ],
130 silly audit   'call-bind': [ '1.0.2' ],
130 silly audit   'content-disposition': [ '0.5.4' ],
130 silly audit   'content-type': [ '1.0.4' ],
130 silly audit   cookie: [ '0.4.2', '0.4.1' ],
130 silly audit   'cookie-parser': [ '1.4.6' ],
130 silly audit   'cookie-signature': [ '1.0.6' ],
130 silly audit   cors: [ '2.8.5' ],
130 silly audit   dayjs: [ '1.11.0' ],
130 silly audit   debug: [ '2.6.9' ],
130 silly audit   denque: [ '2.0.1' ],
130 silly audit   dotenv: [ '16.0.0' ],
130 silly audit   'ecdsa-sig-formatter': [ '1.0.11' ],
130 silly audit   'ee-first': [ '1.1.1' ],
130 silly audit   encodeurl: [ '1.0.2' ],
130 silly audit   'escape-html': [ '1.0.3' ],
130 silly audit   etag: [ '1.8.1' ],
130 silly audit   express: [ '4.17.3' ],
130 silly audit   'raw-body': [ '2.4.3', '2.5.1' ],
130 silly audit   finalhandler: [ '1.1.2' ],
130 silly audit   'follow-redirects': [ '1.14.9' ],
130 silly audit   forwarded: [ '0.2.0' ],
130 silly audit   fresh: [ '0.5.2' ],
130 silly audit   'function-bind': [ '1.1.1' ],
130 silly audit   'generate-function': [ '2.3.1' ],
130 silly audit   'get-intrinsic': [ '1.1.1' ],
130 silly audit   has: [ '1.0.3' ],
130 silly audit   'has-symbols': [ '1.0.3' ],
130 silly audit   'iconv-lite': [ '0.4.24', '0.6.3' ],
130 silly audit   inherits: [ '2.0.4' ],
130 silly audit   'ipaddr.js': [ '1.9.1' ],
130 silly audit   'is-property': [ '1.0.2' ],
130 silly audit   jsonwebtoken: [ '8.5.1' ],
130 silly audit   ms: [ '2.1.3', '2.0.0' ],
130 silly audit   jwa: [ '1.4.1' ],
130 silly audit   jws: [ '3.2.2' ],
130 silly audit   'lodash.includes': [ '4.3.0' ],
130 silly audit   'lodash.isboolean': [ '3.0.3' ],
130 silly audit   'lodash.isinteger': [ '4.0.4' ],
130 silly audit   'lodash.isnumber': [ '3.0.3' ],
130 silly audit   'lodash.isplainobject': [ '4.0.6' ],
130 silly audit   'lodash.isstring': [ '4.0.1' ],
130 silly audit   'lodash.once': [ '4.1.1' ],
130 silly audit   long: [ '4.0.0' ],
130 silly audit   'lru-cache': [ '6.0.0', '4.1.5' ],
130 silly audit   'media-typer': [ '0.3.0' ],
130 silly audit   'merge-descriptors': [ '1.0.1' ],
130 silly audit   methods: [ '1.1.2' ],
130 silly audit   mime: [ '1.6.0' ],
130 silly audit   'mime-db': [ '1.52.0' ],
130 silly audit   'mime-types': [ '2.1.35' ],
130 silly audit   morgan: [ '1.10.0' ],
130 silly audit   mysql2: [ '2.3.3' ],
130 silly audit   'named-placeholders': [ '1.1.2' ],
130 silly audit   yallist: [ '2.1.2', '4.0.0' ],
130 silly audit   negotiator: [ '0.6.3' ],
130 silly audit   'object-assign': [ '4.1.1' ],
130 silly audit   'object-inspect': [ '1.12.0' ],
130 silly audit   'on-headers': [ '1.0.2' ],
130 silly audit   parseurl: [ '1.3.3' ],
130 silly audit   'path-to-regexp': [ '0.1.7' ],
130 silly audit   'proxy-addr': [ '2.0.7' ],
130 silly audit   pseudomap: [ '1.0.2' ],
130 silly audit   querystring: [ '0.2.1' ],
130 silly audit   'range-parser': [ '1.2.1' ],
130 silly audit   'safer-buffer': [ '2.1.2' ],
130 silly audit   semver: [ '5.7.1' ],
130 silly audit   send: [ '0.17.2' ],
130 silly audit   'seq-queue': [ '0.0.5' ],
130 silly audit   'serve-static': [ '1.14.2' ],
130 silly audit   setprototypeof: [ '1.2.0' ],
130 silly audit   'side-channel': [ '1.0.4' ],
130 silly audit   sqlstring: [ '2.3.3' ],
130 silly audit   toidentifier: [ '1.0.1' ],
130 silly audit   'type-is': [ '1.6.18' ],
130 silly audit   unpipe: [ '1.0.0' ],
130 silly audit   'utils-merge': [ '1.0.1' ],
130 silly audit   vary: [ '1.1.2' ],
130 silly audit   'express-session': [ '1.17.3' ],
130 silly audit   'session-file-store': [ '1.5.0' ],
130 silly audit   'uid-safe': [ '2.1.5' ],
130 silly audit   bagpipe: [ '0.3.5' ],
130 silly audit   'fs-extra': [ '8.1.0' ],
130 silly audit   kruptein: [ '2.2.3' ],
130 silly audit   retry: [ '0.12.0' ],
130 silly audit   'write-file-atomic': [ '3.0.3' ],
130 silly audit   'graceful-fs': [ '4.2.10' ],
130 silly audit   jsonfile: [ '4.0.0' ],
130 silly audit   universalify: [ '0.1.2' ],
130 silly audit   'asn1.js': [ '5.4.1' ],
130 silly audit   'bn.js': [ '4.12.0' ],
130 silly audit   'minimalistic-assert': [ '1.0.1' ],
130 silly audit   'random-bytes': [ '1.0.0' ],
130 silly audit   imurmurhash: [ '0.1.4' ],
130 silly audit   'is-typedarray': [ '1.0.0' ],
130 silly audit   'signal-exit': [ '3.0.7' ],
130 silly audit   'typedarray-to-buffer': [ '3.1.5' ]
130 silly audit }
131 silly tarball no local data for imurmurhash@https://registry.npmjs.org/imurmurhash/-/imurmurhash-0.1.4.tgz. Extracting by manifest.
132 silly tarball no local data for minimalistic-assert@https://registry.npmjs.org/minimalistic-assert/-/minimalistic-assert-1.0.1.tgz. Extracting by manifest.
133 silly tarball no local data for bn.js@https://registry.npmjs.org/bn.js/-/bn.js-4.12.0.tgz. Extracting by manifest.
134 silly tarball no local data for is-typedarray@https://registry.npmjs.org/is-typedarray/-/is-typedarray-1.0.0.tgz. Extracting by manifest.
135 silly tarball no local data for asn1.js@https://registry.npmjs.org/asn1.js/-/asn1.js-5.4.1.tgz. Extracting by manifest.
136 silly tarball no local data for jsonfile@https://registry.npmjs.org/jsonfile/-/jsonfile-4.0.0.tgz. Extracting by manifest.
137 silly tarball no local data for retry@https://registry.npmjs.org/retry/-/retry-0.12.0.tgz. Extracting by manifest.
138 silly tarball no local data for kruptein@https://registry.npmjs.org/kruptein/-/kruptein-2.2.3.tgz. Extracting by manifest.
139 silly tarball no local data for bagpipe@https://registry.npmjs.org/bagpipe/-/bagpipe-0.3.5.tgz. Extracting by manifest.
140 silly tarball no local data for express-session@https://registry.npmjs.org/express-session/-/express-session-1.17.3.tgz. Extracting by manifest.
141 silly tarball no local data for session-file-store@https://registry.npmjs.org/session-file-store/-/session-file-store-1.5.0.tgz. Extracting by manifest.
142 http fetch POST 200 https://registry.npmjs.org/-/npm/v1/security/advisories/bulk 237ms
143 timing auditReport:getReport Completed in 242ms
144 silly audit report {}
145 timing auditReport:init Completed in 0ms
146 timing reify:audit Completed in 242ms
147 timing reifyNode:node_modules/universalify Completed in 253ms
148 timing reifyNode:node_modules/random-bytes Completed in 258ms
149 timing reifyNode:node_modules/signal-exit Completed in 259ms
150 timing reifyNode:node_modules/uid-safe Completed in 259ms
151 timing reifyNode:node_modules/write-file-atomic Completed in 260ms
152 timing reifyNode:node_modules/typedarray-to-buffer Completed in 265ms
153 timing reifyNode:node_modules/graceful-fs Completed in 264ms
154 timing reifyNode:node_modules/express-session/node_modules/depd Completed in 273ms
155 http fetch GET 200 https://registry.npmjs.org/minimalistic-assert/-/minimalistic-assert-1.0.1.tgz 283ms (cache miss)
156 timing reifyNode:node_modules/minimalistic-assert Completed in 312ms
157 http fetch GET 200 https://registry.npmjs.org/kruptein/-/kruptein-2.2.3.tgz 268ms (cache miss)
158 timing reifyNode:node_modules/kruptein Completed in 335ms
159 http fetch GET 200 https://registry.npmjs.org/bn.js/-/bn.js-4.12.0.tgz 341ms (cache miss)
160 timing reifyNode:node_modules/bn.js Completed in 376ms
161 http fetch GET 200 https://registry.npmjs.org/bagpipe/-/bagpipe-0.3.5.tgz 278ms (cache miss)
162 timing reifyNode:node_modules/bagpipe Completed in 379ms
163 http fetch GET 200 https://registry.npmjs.org/session-file-store/-/session-file-store-1.5.0.tgz 257ms (cache miss)
164 timing reifyNode:node_modules/session-file-store Completed in 396ms
165 http fetch GET 200 https://registry.npmjs.org/is-typedarray/-/is-typedarray-1.0.0.tgz 363ms (cache miss)
166 timing reifyNode:node_modules/is-typedarray Completed in 406ms
167 http fetch GET 200 https://registry.npmjs.org/imurmurhash/-/imurmurhash-0.1.4.tgz 388ms (cache miss)
168 timing reifyNode:node_modules/imurmurhash Completed in 413ms
169 http fetch GET 200 https://registry.npmjs.org/jsonfile/-/jsonfile-4.0.0.tgz 360ms (cache miss)
170 timing reifyNode:node_modules/jsonfile Completed in 416ms
171 http fetch GET 200 https://registry.npmjs.org/asn1.js/-/asn1.js-5.4.1.tgz 376ms (cache miss)
172 timing reifyNode:node_modules/asn1.js Completed in 426ms
173 http fetch GET 200 https://registry.npmjs.org/retry/-/retry-0.12.0.tgz 397ms (cache miss)
174 timing reifyNode:node_modules/retry Completed in 457ms
175 http fetch GET 200 https://registry.npmjs.org/express-session/-/express-session-1.17.3.tgz 354ms (cache miss)
176 timing reifyNode:node_modules/express-session Completed in 472ms
177 timing reifyNode:node_modules/fs-extra Completed in 476ms
178 timing reify:unpack Completed in 478ms
179 timing reify:unretire Completed in 0ms
180 timing build:queue Completed in 2ms
181 timing build:deps Completed in 2ms
182 timing build Completed in 2ms
183 timing reify:build Completed in 3ms
184 timing reify:trash Completed in 0ms
185 timing reify:save Completed in 39ms
186 timing reify Completed in 2681ms
187 silly ADD node_modules/typedarray-to-buffer
188 silly ADD node_modules/signal-exit
189 silly ADD node_modules/is-typedarray
190 silly ADD node_modules/imurmurhash
191 silly ADD node_modules/random-bytes
192 silly ADD node_modules/minimalistic-assert
193 silly ADD node_modules/bn.js
194 silly ADD node_modules/asn1.js
195 silly ADD node_modules/universalify
196 silly ADD node_modules/jsonfile
197 silly ADD node_modules/graceful-fs
198 silly ADD node_modules/write-file-atomic
199 silly ADD node_modules/retry
200 silly ADD node_modules/kruptein
201 silly ADD node_modules/fs-extra
202 silly ADD node_modules/bagpipe
203 silly ADD node_modules/uid-safe
204 silly ADD node_modules/session-file-store
205 silly ADD node_modules/express-session
206 silly ADD node_modules/express-session/node_modules/depd
207 timing command:install Completed in 2693ms
208 verbose exit 0
209 timing npm Completed in 2801ms
210 info ok
